# QuestaSim-64 vlog 2021.1 Compiler 2021.01 Jan 19 2021
# Start time: 04:56:04 on Jan 15,2026
# vlog -sv -work work "+acc" -lint -lint E:/CNN/HDL/RTL/conv_buffer.v E:/CNN/HDL/RTL/trueDualMemReadFirst.v 
# -- Compiling module conv_buffer
# -- Compiling module trueDualMemReadFirst
# 
# Top level modules:
# 	conv_buffer
# 	trueDualMemReadFirst
# End time: 04:56:04 on Jan 15,2026, Elapsed time: 0:00:00
# Errors: 0, Warnings: 0
# QuestaSim-64 vlog 2021.1 Compiler 2021.01 Jan 19 2021
# Start time: 04:56:04 on Jan 15,2026
# vlog -sv -work work "+acc" -lint -lint E:/CNN/HDL/RTL/conv_mat .sv 
# -- Compiling module conv_mat
# 
# Top level modules:
# 	conv_mat
# End time: 04:56:04 on Jan 15,2026, Elapsed time: 0:00:00
# Errors: 0, Warnings: 0
# QuestaSim-64 vlog 2021.1 Compiler 2021.01 Jan 19 2021
# Start time: 04:56:05 on Jan 15,2026
# vlog -sv -work work "+acc" -lint -lint E:/CNN/HDL/TB/tb.sv 
# -- Compiling module conv_buffer_tb
# ** Warning: E:/CNN/HDL/TB/tb.sv(1): (vlog-2605) empty port name in port list.
# 
# Top level modules:
# 	conv_buffer_tb
# End time: 04:56:05 on Jan 15,2026, Elapsed time: 0:00:00
# Errors: 0, Warnings: 1
# ✅ Compilation finished
# ===============================
#  Compile started
# ===============================
